#
# A fatal error has been detected by the Java Runtime Environment:
#
#  SIGSEGV (0xb) at pc=0x00007f5e53b51b01, pid=9821, tid=140044063713024
#
# JRE version: 6.0_20-b20
# Java VM: OpenJDK 64-Bit Server VM (19.0-b09 mixed mode linux-amd64 )
# Derivative: IcedTea6 1.9.2
# Distribution: Ubuntu 10.04.1 LTS, package 6b20-1.9.2-0ubuntu1~10.04.1
# Problematic frame:
# C  [libGLcore.so.1+0xc81b01]
#
# If you would like to submit a bug report, please include
# instructions how to reproduce the bug and visit:
#   https://bugs.launchpad.net/ubuntu/+source/openjdk-6/
# The crash happened outside the Java Virtual Machine in native code.
# See problematic frame for where to report the bug.
#

---------------  T H R E A D  ---------------

Current thread (0x00000000013db000):  JavaThread "main" [_thread_in_native, id=9827, stack(0x00007f5e8c9ba000,0x00007f5e8cabb000)]

siginfo:si_signo=SIGSEGV: si_errno=0, si_code=1 (SEGV_MAPERR), si_addr=0x0000000040e298c8

Registers:
RAX=0x0000000001992ad0, RBX=0x0000000000000002, RCX=0x00000000019f55c8, RDX=0x0000000001997850
RSP=0x00007f5e8cab9540, RBP=0x00000000019f55c8, RSI=0x0000000001b34830, RDI=0x0000000040dce000
R8 =0x00000000019f55c8, R9 =0x0000000000000002, R10=0x00007f5e86766a62, R11=0x0000000000000202
R12=0x0000000001997850, R13=0x00007f5e8cab95d7, R14=0x0000000001b34830, R15=0x0000000040dce000
RIP=0x00007f5e53b51b01, EFL=0x0000000000010246, CSGSFS=0x0000000000000033, ERR=0x0000000000000004
  TRAPNO=0x000000000000000e

Register to memory mapping:

RAX=0x0000000001992ad0
0x0000000001992ad0 is pointing to unknown location

RBX=0x0000000000000002
0x0000000000000002 is pointing to unknown location

RCX=0x00000000019f55c8
0x00000000019f55c8 is pointing to unknown location

RDX=0x0000000001997850
0x0000000001997850 is pointing to unknown location

RSP=0x00007f5e8cab9540
0x00007f5e8cab9540 is pointing into the stack for thread: 0x00000000013db000
"main" prio=10 tid=0x00000000013db000 nid=0x2663 runnable [0x00007f5e8cab9000]
   java.lang.Thread.State: RUNNABLE

RBP=0x00000000019f55c8
0x00000000019f55c8 is pointing to unknown location

RSI=0x0000000001b34830
0x0000000001b34830 is pointing to unknown location

RDI=0x0000000040dce000
0x0000000040dce000 is pointing to unknown location

R8 =0x00000000019f55c8
0x00000000019f55c8 is pointing to unknown location

R9 =0x0000000000000002
0x0000000000000002 is pointing to unknown location

R10=0x00007f5e86766a62
method entry point (kind = native)  [0x00007f5e867665c0, 0x00007f5e867673a0]  3552 bytes

R11=0x0000000000000202
0x0000000000000202 is pointing to unknown location

R12=0x0000000001997850
0x0000000001997850 is pointing to unknown location

R13=0x00007f5e8cab95d7
0x00007f5e8cab95d7 is pointing into the stack for thread: 0x00000000013db000
"main" prio=10 tid=0x00000000013db000 nid=0x2663 runnable [0x00007f5e8cab9000]
   java.lang.Thread.State: RUNNABLE

R14=0x0000000001b34830
0x0000000001b34830 is pointing to unknown location

R15=0x0000000040dce000
0x0000000040dce000 is pointing to unknown location


Top of Stack: (sp=0x00007f5e8cab9540)
0x00007f5e8cab9540:   000000000020037f 00000000019f55c8
0x00007f5e8cab9550:   00007f5e86858546 0000000000000002
0x00007f5e8cab9560:   0000000001997850 0000000040dce000
0x00007f5e8cab9570:   00007f5e54b50660 00000000019f55c8
0x00007f5e8cab9580:   00007f5e549bc160 00007f5e53b51f18
0x00007f5e8cab9590:   00007f5e8cab95d6 00007f5e8cab95d7
0x00007f5e8cab95a0:   c90fdb0000000000 00007f5e549bc160
0x00007f5e8cab95b0:   00007f5e54b50660 0000000001b34830
0x00007f5e8cab95c0:   00000000019f55c8 0000000000003ffe
0x00007f5e8cab95d0:   0001000000000000 0000000040dce000
0x00007f5e8cab95e0:   00000000019f55c8 0000000000004100
0x00007f5e8cab95f0:   0000000040dce000 0000000040e27c98
0x00007f5e8cab9600:   0000000040e27d40 00007f5e53b07053
0x00007f5e8cab9610:   00000000019f55c8 0000000040dce000
0x00007f5e8cab9620:   00000000019f55c8 0000000000004100
0x00007f5e8cab9630:   0000000040e27c98 00007f5e8cab9740
0x00007f5e8cab9640:   0000000040e27d40 00007f5e5374bfb7
0x00007f5e8cab9650:   3f800000bf800000 3f80000000000000
0x00007f5e8cab9660:   c07e000000000000 0000000000000000
0x00007f5e8cab9670:   000000003f800000 00007f5e7c971cb8
0x00007f5e8cab9680:   00007f5e8cab9710 00007f5e8cab9620
0x00007f5e8cab9690:   00007f5e7c971cb8 00007f5e8cab9740
0x00007f5e8cab96a0:   00000000013db000 00007f5e86766a8f
0x00007f5e8cab96b0:   0000000000000000 0000000000000000
0x00007f5e8cab96c0:   3fe62e42fefa3800 0000000000000000
0x00007f5e8cab96d0:   00007f5e8cab96d0 0000000000000000
0x00007f5e8cab96e0:   00007f5e8cab9740 00007f5e7c99d318
0x00007f5e8cab96f0:   0000000000000000 00007f5e7c971cb8
0x00007f5e8cab9700:   0000000000000000 00007f5e8cab9730
0x00007f5e8cab9710:   00007f5e8cab9788 00007f5e867558da
0x00007f5e8cab9720:   00007f5e7c995058 00007f5e86762298
0x00007f5e8cab9730:   00007f5e54d37260 00007f5e54d37260 

Instructions: (pc=0x00007f5e53b51b01)
0x00007f5e53b51af1:   3b 88 10 03 00 00 74 08 48 89 f7 e8 0f cb ff ff
0x00007f5e53b51b01:   41 3b 9f c8 b8 05 00 0f 84 9a 00 00 00 41 39 9e 

Stack: [0x00007f5e8c9ba000,0x00007f5e8cabb000],  sp=0x00007f5e8cab9540,  free space=1021k
Native frames: (J=compiled Java code, j=interpreted, Vv=VM code, C=native code)
C  [libGLcore.so.1+0xc81b01]

Java frames: (J=compiled Java code, j=interpreted, Vv=VM code)
j  org.lwjgl.opengl.GL11.nglClear(IJ)V+0
j  org.lwjgl.opengl.GL11.glClear(I)V+15
j  org.newdawn.slick.opengl.renderer.ImmediateModeOGLRenderer.glClear(I)V+1
j  org.newdawn.slick.GameContainer.updateAndRender(I)V+256
J  org.newdawn.slick.AppGameContainer.gameLoop()V
J  org.newdawn.slick.AppGameContainer.start()V
j  de.immerfroehlich.MainMap.main([Ljava/lang/String;)V+18
v  ~StubRoutines::call_stub

---------------  P R O C E S S  ---------------

Java Threads: ( => current thread )
  0x0000000001479000 JavaThread "SIGTERM handler" daemon [_thread_blocked, id=9968, stack(0x00007f5e57eff000,0x00007f5e58000000)]
  0x00007f5e58194000 JavaThread "Thread-3" daemon [_thread_blocked, id=9851, stack(0x00007f5e554b8000,0x00007f5e555b9000)]
  0x00000000018fa800 JavaThread "AWT-XAWT" daemon [_thread_in_native, id=9846, stack(0x00007f5e556ba000,0x00007f5e557bb000)]
  0x00000000016a3800 JavaThread "Java2D Disposer" daemon [_thread_blocked, id=9844, stack(0x00007f5e55c4f000,0x00007f5e55d50000)]
  0x0000000001498000 JavaThread "Low Memory Detector" daemon [_thread_blocked, id=9841, stack(0x00007f5e57bfc000,0x00007f5e57cfd000)]
  0x0000000001493000 JavaThread "CompilerThread1" daemon [_thread_blocked, id=9840, stack(0x00007f5e57cfd000,0x00007f5e57dfe000)]
  0x0000000001490000 JavaThread "CompilerThread0" daemon [_thread_blocked, id=9839, stack(0x00007f5e57dfe000,0x00007f5e57eff000)]
  0x0000000001476800 JavaThread "JDWP Event Helper Thread" daemon [_thread_blocked, id=9834, stack(0x00007f5e5c0c9000,0x00007f5e5c1ca000)]
  0x0000000001473000 JavaThread "JDWP Transport Listener: dt_socket" daemon [_thread_in_native, id=9833, stack(0x00007f5e5c1ca000,0x00007f5e5c2cb000)]
  0x0000000001444000 JavaThread "Finalizer" daemon [_thread_blocked, id=9830, stack(0x00007f5e5c5d1000,0x00007f5e5c6d2000)]
  0x0000000001442000 JavaThread "Reference Handler" daemon [_thread_blocked, id=9829, stack(0x00007f5e5c6d2000,0x00007f5e5c7d3000)]
=>0x00000000013db000 JavaThread "main" [_thread_in_native, id=9827, stack(0x00007f5e8c9ba000,0x00007f5e8cabb000)]

Other Threads:
  0x000000000143b800 VMThread [stack: 0x00007f5e5c7d3000,0x00007f5e5c8d4000] [id=9828]

VM state:at safepoint (normal execution)

VM Mutex/Monitor currently owned by a thread:  ([mutex/lock_event])
[0x00000000013d7db0] Threads_lock - owner thread: 0x000000000143b800

Heap
 def new generation   total 4800K, used 3434K [0x00007f5e5cc90000, 0x00007f5e5d1c0000, 0x00007f5e67330000)
  eden space 4288K,  80% used [0x00007f5e5cc90000, 0x00007f5e5cfea508, 0x00007f5e5d0c0000)
  from space 512K,   0% used [0x00007f5e5d140000, 0x00007f5e5d1404a0, 0x00007f5e5d1c0000)
  to   space 512K,   0% used [0x00007f5e5d0c0000, 0x00007f5e5d0c0000, 0x00007f5e5d140000)
 tenured generation   total 10688K, used 1424K [0x00007f5e67330000, 0x00007f5e67da0000, 0x00007f5e7c090000)
   the space 10688K,  13% used [0x00007f5e67330000, 0x00007f5e674941e8, 0x00007f5e67494200, 0x00007f5e67da0000)
 compacting perm gen  total 21248K, used 11831K [0x00007f5e7c090000, 0x00007f5e7d550000, 0x00007f5e86690000)
   the space 21248K,  55% used [0x00007f5e7c090000, 0x00007f5e7cc1df48, 0x00007f5e7cc1e000, 0x00007f5e7d550000)
No shared spaces configured.

Dynamic libraries:
00400000-00409000 r-xp 00000000 08:02 640910                             /usr/lib/jvm/java-6-openjdk/jre/bin/java
00608000-00609000 r--p 00008000 08:02 640910                             /usr/lib/jvm/java-6-openjdk/jre/bin/java
00609000-0060a000 rw-p 00009000 08:02 640910                             /usr/lib/jvm/java-6-openjdk/jre/bin/java
013cb000-0232a000 rw-p 00000000 00:00 0                                  [heap]
7f5e52668000-7f5e5266b000 ---p 00000000 00:00 0 
7f5e5266b000-7f5e52769000 rw-p 00000000 00:00 0 
7f5e52769000-7f5e5276c000 ---p 00000000 00:00 0 
7f5e5276c000-7f5e5286a000 rw-p 00000000 00:00 0 
7f5e5286a000-7f5e5286d000 ---p 00000000 00:00 0 
7f5e5286d000-7f5e5296b000 rw-p 00000000 00:00 0 
7f5e5296b000-7f5e5296e000 r-xp 00000000 08:04 23413160                   /home/andreasf/bin/Entwicklung/games_eclipse_workspace/Slick Test/lib/natives-linux/libjinput-linux64.so
7f5e5296e000-7f5e52a6d000 ---p 00003000 08:04 23413160                   /home/andreasf/bin/Entwicklung/games_eclipse_workspace/Slick Test/lib/natives-linux/libjinput-linux64.so
7f5e52a6d000-7f5e52a6e000 rw-p 00002000 08:04 23413160                   /home/andreasf/bin/Entwicklung/games_eclipse_workspace/Slick Test/lib/natives-linux/libjinput-linux64.so
7f5e52a6e000-7f5e52c6e000 rw-s 094ff000 00:05 5633                       /dev/nvidia0
7f5e52c6e000-7f5e52d6e000 rw-s 1f313000 00:05 5633                       /dev/nvidia0
7f5e52d6e000-7f5e52dae000 rw-s 22b83000 00:05 5633                       /dev/nvidia0
7f5e52dce000-7f5e52dcf000 r-xp 00000000 08:02 369378                     /usr/lib/nvidia-current/tls/libnvidia-tls.so.195.36.24
7f5e52dcf000-7f5e52ecf000 ---p 00001000 08:02 369378                     /usr/lib/nvidia-current/tls/libnvidia-tls.so.195.36.24
7f5e52ecf000-7f5e52ed0000 rw-p 00001000 08:02 369378                     /usr/lib/nvidia-current/tls/libnvidia-tls.so.195.36.24
7f5e52ed0000-7f5e54328000 r-xp 00000000 08:02 369388                     /usr/lib/nvidia-current/libGLcore.so.195.36.24
7f5e54328000-7f5e54427000 ---p 01458000 08:02 369388                     /usr/lib/nvidia-current/libGLcore.so.195.36.24
7f5e54427000-7f5e54b51000 rwxp 01457000 08:02 369388                     /usr/lib/nvidia-current/libGLcore.so.195.36.24
7f5e54b51000-7f5e54b66000 rwxp 00000000 00:00 0 
7f5e54b66000-7f5e54c10000 r-xp 00000000 08:02 369387                     /usr/lib/nvidia-current/libGL.so.195.36.24
7f5e54c10000-7f5e54d0f000 ---p 000aa000 08:02 369387                     /usr/lib/nvidia-current/libGL.so.195.36.24
7f5e54d0f000-7f5e54d50000 rwxp 000a9000 08:02 369387                     /usr/lib/nvidia-current/libGL.so.195.36.24
7f5e54d50000-7f5e54d65000 rwxp 00000000 00:00 0 
7f5e54d65000-7f5e54d66000 r-xp 00000000 08:02 633671                     /usr/lib/jvm/java-6-openjdk/jre/lib/amd64/libjawt.so
7f5e54d66000-7f5e54f65000 ---p 00001000 08:02 633671                     /usr/lib/jvm/java-6-openjdk/jre/lib/amd64/libjawt.so
7f5e54f65000-7f5e54f66000 r--p 00000000 08:02 633671                     /usr/lib/jvm/java-6-openjdk/jre/lib/amd64/libjawt.so
7f5e54f66000-7f5e54f67000 rw-p 00001000 08:02 633671                     /usr/lib/jvm/java-6-openjdk/jre/lib/amd64/libjawt.so
7f5e54f67000-7f5e54f6c000 r-xp 00000000 08:02 304749                     /usr/lib/libXxf86vm.so.1.0.0
7f5e54f6c000-7f5e5516b000 ---p 00005000 08:02 304749                     /usr/lib/libXxf86vm.so.1.0.0
7f5e5516b000-7f5e5516c000 r--p 00004000 08:02 304749                     /usr/lib/libXxf86vm.so.1.0.0
7f5e5516c000-7f5e5516d000 rw-p 00005000 08:02 304749                     /usr/lib/libXxf86vm.so.1.0.0
7f5e5516d000-7f5e55175000 r-xp 00000000 08:02 304729                     /usr/lib/libXrandr.so.2.2.0
7f5e55175000-7f5e55374000 ---p 00008000 08:02 304729                     /usr/lib/libXrandr.so.2.2.0
7f5e55374000-7f5e55375000 r--p 00007000 08:02 304729                     /usr/lib/libXrandr.so.2.2.0
7f5e55375000-7f5e55376000 rw-p 00008000 08:02 304729                     /usr/lib/libXrandr.so.2.2.0
7f5e55376000-7f5e553b6000 r-xp 00000000 08:04 7685854                    /home/andreasf/bin/Entwicklung/games_eclipse_workspace/Slick Test/lib/natives-linux/liblwjgl64.so
7f5e553b6000-7f5e554b6000 ---p 00040000 08:04 7685854                    /home/andreasf/bin/Entwicklung/games_eclipse_workspace/Slick Test/lib/natives-linux/liblwjgl64.so
7f5e554b6000-7f5e554b8000 rw-p 00040000 08:04 7685854                    /home/andreasf/bin/Entwicklung/games_eclipse_workspace/Slick Test/lib/natives-linux/liblwjgl64.so
7f5e554b8000-7f5e554bb000 ---p 00000000 00:00 0 
7f5e554bb000-7f5e555b9000 rw-p 00000000 00:00 0 
7f5e555b9000-7f5e555bc000 ---p 00000000 00:00 0 
7f5e555bc000-7f5e556ba000 rw-p 00000000 00:00 0 
7f5e556ba000-7f5e556bd000 ---p 00000000 00:00 0 
7f5e556bd000-7f5e557bb000 rw-p 00000000 00:00 0 
7f5e557bb000-7f5e557bc000 r--s 00000000 08:02 453456                     /var/cache/fontconfig/c05880de57d1f5e948fdfacc138775d9-le64.cache-3
7f5e557bc000-7f5e557c5000 r--s 00000000 08:02 453453                     /var/cache/fontconfig/945677eb7aeaf62f1d50efc3fb3ec7d8-le64.cache-3
7f5e557c5000-7f5e557c7000 r--s 00000000 08:02 453454                     /var/cache/fontconfig/99e8ed0e538f840c565b6ed5dad60d56-le64.cache-3
7f5e557c7000-7f5e557ca000 r--s 00000000 08:02 453463                     /var/cache/fontconfig/e383d7ea5fbe662a33d9b44caf393297-le64.cache-3
7f5e557ca000-7f5e557cb000 r--s 00000000 08:02 453464                     /var/cache/fontconfig/e7071f4a29fa870f4323321c154eba04-le64.cache-3
7f5e557cb000-7f5e557cf000 r--s 00000000 08:02 453450                     /var/cache/fontconfig/6eb3985aa4124903f6ff08ba781cd364-le64.cache-3
7f5e557cf000-7f5e557d5000 r--s 00000000 08:02 453455                     /var/cache/fontconfig/a755afe4a08bf5b97852ceb7400b47bc-le64.cache-3
7f5e557d5000-7f5e557de000 r--s 00000000 08:02 453597                     /var/cache/fontconfig/6d41288fd70b0be22e8c3a91e032eec0-le64.cache-3
7f5e557de000-7f5e557ee000 r--s 00000000 08:02 453577                     /var/cache/fontconfig/0f34bcd4b6ee430af32735b75db7f02b-le64.cache-3
7f5e557ee000-7f5e557f1000 r--s 00000000 08:02 453460                     /var/cache/fontconfig/d60319d88cac85ba9e1a07bd06cfbb8c-le64.cache-3
7f5e557f9000-7f5e5581a000 rw-s 00000000 00:04 0                          /SYSV00000000 (deleted)
7f5e5581a000-7f5e5581f000 r-xp 00000000 08:02 304711                     /usr/lib/libXfixes.so.3.1.0
7f5e5581f000-7f5e55a1e000 ---p 00005000 08:02 304711                     /usr/lib/libXfixes.so.3.1.0
7f5e55a1e000-7f5e55a1f000 r--p 00004000 08:02 304711                     /usr/lib/libXfixes.so.3.1.0
7f5e55a1f000-7f5e55a20000 rw-p 00005000 08:02 304711                     /usr/lib/libXfixes.so.3.1.0
7f5e55a20000-7f5e55a29000 r-xp 00000000 08:02 304703                     /usr/lib/libXcursor.so.1.0.2
7f5e55a29000-7f5e55c28000 ---p 00009000 08:02 304703                     /usr/lib/libXcursor.so.1.0.2
7f5e55c28000-7f5e55c29000 r--p 00008000 08:02 304703                     /usr/lib/libXcursor.so.1.0.2
7f5e55c29000-7f5e55c2a000 rw-p 00009000 08:02 304703                     /usr/lib/libXcursor.so.1.0.2
7f5e55c33000-7f5e55c35000 r--s 00006000 08:04 23085180                   /home/andreasf/bin/Entwicklung/games_eclipse_workspace/Isometric/lib/kollider-v0.3.jar
7f5e55c35000-7f5e55c39000 rw-s 09508000 00:05 5633                       /dev/nvidia0
7f5e55c39000-7f5e55c3d000 rw-s 3bd65000 00:05 5633                       /dev/nvidia0
7f5e55c3d000-7f5e55c3e000 rw-s d0040000 00:05 5633                       /dev/nvidia0
7f5e55c3e000-7f5e55c3f000 rw-s 10069000 00:05 5633                       /dev/nvidia0
7f5e55c3f000-7f5e55c43000 rw-s 3c5bf000 00:05 5633                       /dev/nvidia0
7f5e55c43000-7f5e55c44000 rw-s 3e35e000 00:05 5633                       /dev/nvidia0
7f5e55c44000-7f5e55c45000 rw-s fbc08000 00:05 5633                       /dev/nvidia0
7f5e55c45000-7f5e55c46000 rw-s fb641000 00:05 5633                       /dev/nvidia0
7f5e55c46000-7f5e55c47000 rw-s 2bb7d000 00:05 5633                       /dev/nvidia0
7f5e55c47000-7f5e55c48000 rw-s fb060000 00:05 5633                       /dev/nvidia0
7f5e55c48000-7f5e55c49000 r--p 00000000 00:00 0 
7f5e55c49000-7f5e55c4f000 r--s 000fc000 08:02 527784                     /usr/lib/jvm/java-6-openjdk/jre/lib/resources.jar
7f5e55c4f000-7f5e55c52000 ---p 00000000 00:00 0 
7f5e55c52000-7f5e55d50000 rw-p 00000000 00:00 0 
7f5e55d50000-7f5e55d66000 r-xp 00000000 08:02 327759                     /lib/libgcc_s.so.1
7f5e55d66000-7f5e55f65000 ---p 00016000 08:02 327759                     /lib/libgcc_s.so.1
7f5e55f65000-7f5e55f66000 r--p 00015000 08:02 327759                     /lib/libgcc_s.so.1
7f5e55f66000-7f5e55f67000 rw-p 00016000 08:02 327759                     /lib/libgcc_s.so.1
7f5e55f67000-7f5e55fe7000 r-xp 00000000 08:02 303246                     /usr/lib/libfreetype.so.6.3.22
7f5e55fe7000-7f5e561e7000 ---p 00080000 08:02 303246                     /usr/lib/libfreetype.so.6.3.22
7f5e561e7000-7f5e561ec000 r--p 00080000 08:02 303246                     /usr/lib/libfreetype.so.6.3.22
7f5e561ec000-7f5e561ed000 rw-p 00085000 08:02 303246                     /usr/lib/libfreetype.so.6.3.22
7f5e561ed000-7f5e56234000 r-xp 00000000 08:02 632949                     /usr/lib/jvm/java-6-openjdk/jre/lib/amd64/libfontmanager.so
7f5e56234000-7f5e56433000 ---p 00047000 08:02 632949                     /usr/lib/jvm/java-6-openjdk/jre/lib/amd64/libfontmanager.so
7f5e56433000-7f5e56436000 r--p 00046000 08:02 632949                     /usr/lib/jvm/java-6-openjdk/jre/lib/amd64/libfontmanager.so
7f5e56436000-7f5e56437000 rw-p 00049000 08:02 632949                     /usr/lib/jvm/java-6-openjdk/jre/lib/amd64/libfontmanager.so
7f5e56437000-7f5e56449000 rw-p 00000000 00:00 0 
7f5e56449000-7f5e5644e000 r-xp 00000000 08:02 304707                     /usr/lib/libXdmcp.so.6.0.0
7f5e5644e000-7f5e5664d000 ---p 00005000 08:02 304707                     /usr/lib/libXdmcp.so.6.0.0
7f5e5664d000-7f5e5664e000 r--p 00004000 08:02 304707                     /usr/lib/libXdmcp.so.6.0.0
7f5e5664e000-7f5e5664f000 rw-p 00005000 08:02 304707                     /usr/lib/libXdmcp.so.6.0.0
7f5e5664f000-7f5e56651000 r-xp 00000000 08:02 304696                     /usr/lib/libXau.so.6.0.0
7f5e56651000-7f5e56851000 ---p 00002000 08:02 304696                     /usr/lib/libXau.so.6.0.0
7f5e56851000-7f5e56852000 r--p 00002000 08:02 304696                     /usr/lib/libXau.so.6.0.0
7f5e56852000-7f5e56853000 rw-p 00003000 08:02 304696                     /usr/lib/libXau.so.6.0.0
7f5e56853000-7f5e5686e000 r-xp 00000000 08:02 305702                     /usr/lib/libxcb.so.1.1.0
7f5e5686e000-7f5e56a6d000 ---p 0001b000 08:02 305702                     /usr/lib/libxcb.so.1.1.0
7f5e56a6d000-7f5e56a6e000 r--p 0001a000 08:02 305702                     /usr/lib/libxcb.so.1.1.0
7f5e56a6e000-7f5e56a6f000 rw-p 0001b000 08:02 305702                     /usr/lib/libxcb.so.1.1.0
7f5e56a6f000-7f5e56a7e000 r-xp 00000000 08:02 304717                     /usr/lib/libXi.so.6.1.0
7f5e56a7e000-7f5e56c7d000 ---p 0000f000 08:02 304717                     /usr/lib/libXi.so.6.1.0
7f5e56c7d000-7f5e56c7e000 r--p 0000e000 08:02 304717                     /usr/lib/libXi.so.6.1.0
7f5e56c7e000-7f5e56c7f000 rw-p 0000f000 08:02 304717                     /usr/lib/libXi.so.6.1.0
7f5e56c7f000-7f5e56c84000 r-xp 00000000 08:02 304737                     /usr/lib/libXtst.so.6.1.0
7f5e56c84000-7f5e56e84000 ---p 00005000 08:02 304737                     /usr/lib/libXtst.so.6.1.0
7f5e56e84000-7f5e56e85000 r--p 00005000 08:02 304737                     /usr/lib/libXtst.so.6.1.0
7f5e56e85000-7f5e56e86000 rw-p 00006000 08:02 304737                     /usr/lib/libXtst.so.6.1.0
7f5e56e86000-7f5e56e8f000 r-xp 00000000 08:02 304731                     /usr/lib/libXrender.so.1.3.0
7f5e56e8f000-7f5e5708e000 ---p 00009000 08:02 304731                     /usr/lib/libXrender.so.1.3.0
7f5e5708e000-7f5e5708f000 r--p 00008000 08:02 304731                     /usr/lib/libXrender.so.1.3.0
7f5e5708f000-7f5e57090000 rw-p 00009000 08:02 304731                     /usr/lib/libXrender.so.1.3.0
7f5e57090000-7f5e571c1000 r-xp 00000000 08:02 304692                     /usr/lib/libX11.so.6.3.0
7f5e571c1000-7f5e573c1000 ---p 00131000 08:02 304692                     /usr/lib/libX11.so.6.3.0
7f5e573c1000-7f5e573c2000 r--p 00131000 08:02 304692                     /usr/lib/libX11.so.6.3.0
7f5e573c2000-7f5e573c6000 rw-p 00132000 08:02 304692                     /usr/lib/libX11.so.6.3.0
7f5e573c6000-7f5e573d7000 r-xp 00000000 08:02 304709                     /usr/lib/libXext.so.6.4.0
7f5e573d7000-7f5e575d6000 ---p 00011000 08:02 304709                     /usr/lib/libXext.so.6.4.0
7f5e575d6000-7f5e575d7000 r--p 00010000 08:02 304709                     /usr/lib/libXext.so.6.4.0
7f5e575d7000-7f5e575d8000 rw-p 00011000 08:02 304709                     /usr/lib/libXext.so.6.4.0
7f5e575d8000-7f5e57624000 r-xp 00000000 08:02 729100                     /usr/lib/jvm/java-6-openjdk/jre/lib/amd64/xawt/libmawt.so
7f5e57624000-7f5e57824000 ---p 0004c000 08:02 729100                     /usr/lib/jvm/java-6-openjdk/jre/lib/amd64/xawt/libmawt.so
7f5e57824000-7f5e57825000 r--p 0004c000 08:02 729100                     /usr/lib/jvm/java-6-openjdk/jre/lib/amd64/xawt/libmawt.so
7f5e57825000-7f5e57828000 rw-p 0004d000 08:02 729100                     /usr/lib/jvm/java-6-openjdk/jre/lib/amd64/xawt/libmawt.so
7f5e57828000-7f5e57829000 rw-p 00000000 00:00 0 
7f5e57829000-7f5e578cb000 r-xp 00000000 08:02 632929                     /usr/lib/jvm/java-6-openjdk/jre/lib/amd64/libawt.so
7f5e578cb000-7f5e57aca000 ---p 000a2000 08:02 632929                     /usr/lib/jvm/java-6-openjdk/jre/lib/amd64/libawt.so
7f5e57aca000-7f5e57acb000 r--p 000a1000 08:02 632929                     /usr/lib/jvm/java-6-openjdk/jre/lib/amd64/libawt.so
7f5e57acb000-7f5e57ad6000 rw-p 000a2000 08:02 632929                     /usr/lib/jvm/java-6-openjdk/jre/lib/amd64/libawt.so
7f5e57ad6000-7f5e57afb000 rw-p 00000000 00:00 0 
7f5e57afb000-7f5e57afc000 ---p 00000000 00:00 0 
7f5e57afc000-7f5e57bfc000 rw-p 00000000 00:00 0 
7f5e57bfc000-7f5e57bff000 ---p 00000000 00:00 0 
7f5e57bff000-7f5e57cfd000 rw-p 00000000 00:00 0 
7f5e57cfd000-7f5e57d00000 ---p 00000000 00:00 0 
7f5e57d00000-7f5e57dfe000 rw-p 00000000 00:00 0 
7f5e57dfe000-7f5e57e01000 ---p 00000000 00:00 0 
7f5e57e01000-7f5e57eff000 rw-p 00000000 00:00 0 
7f5e57eff000-7f5e57f02000 ---p 00000000 00:00 0 
7f5e57f02000-7f5e58000000 rw-p 00000000 00:00 0 
7f5e58000000-7f5e58338000 rw-p 00000000 00:00 0 
7f5e58338000-7f5e5c000000 ---p 00000000 00:00 0 
7f5e5c000000-7f5e5c001000 r--s 00000000 08:02 453446                     /var/cache/fontconfig/4c73fe0c47614734b17d736dbde7580a-le64.cache-3
7f5e5c001000-7f5e5c002000 r--s 00000000 08:02 453440                     /var/cache/fontconfig/0d8c3b2ac0904cb8a57a757ad11a4a08-le64.cache-3
7f5e5c002000-7f5e5c003000 r--s 00000000 08:02 452841                     /var/cache/fontconfig/4794a0821666d79190d59a36cb4f44b5-le64.cache-3
7f5e5c003000-7f5e5c031000 r--s 00000000 08:02 453669                     /var/cache/fontconfig/365b55f210c0a22e9a19e35191240f32-le64.cache-3
7f5e5c031000-7f5e5c03b000 r--s 00000000 08:02 453459                     /var/cache/fontconfig/d52a8644073d54c13679302ca1180695-le64.cache-3
7f5e5c03b000-7f5e5c03e000 r--s 00000000 08:02 453429                     /var/cache/fontconfig/e13b20fdb08344e0e664864cc2ede53d-le64.cache-3
7f5e5c03e000-7f5e5c042000 r--s 00000000 08:02 453666                     /var/cache/fontconfig/7ef2298fde41cc6eeb7af42e48b7d293-le64.cache-3
7f5e5c042000-7f5e5c043000 r--s 00000000 08:02 453456                     /var/cache/fontconfig/c05880de57d1f5e948fdfacc138775d9-le64.cache-3
7f5e5c043000-7f5e5c04c000 r--s 00000000 08:02 453453                     /var/cache/fontconfig/945677eb7aeaf62f1d50efc3fb3ec7d8-le64.cache-3
7f5e5c04c000-7f5e5c04e000 r--s 00000000 08:02 453454                     /var/cache/fontconfig/99e8ed0e538f840c565b6ed5dad60d56-le64.cache-3
7f5e5c04e000-7f5e5c051000 r--s 00000000 08:02 453463                     /var/cache/fontconfig/e383d7ea5fbe662a33d9b44caf393297-le64.cache-3
7f5e5c051000-7f5e5c052000 r--s 00000000 08:02 453464                     /var/cache/fontconfig/e7071f4a29fa870f4323321c154eba04-le64.cache-3
7f5e5c052000-7f5e5c056000 r--s 00000000 08:02 453450                     /var/cache/fontconfig/6eb3985aa4124903f6ff08ba781cd364-le64.cache-3
7f5e5c056000-7f5e5c057000 r--s 00000000 08:02 453446                     /var/cache/fontconfig/4c73fe0c47614734b17d736dbde7580a-le64.cache-3
7f5e5c057000-7f5e5c058000 r--s 00000000 08:02 453440                     /var/cache/fontconfig/0d8c3b2ac0904cb8a57a757ad11a4a08-le64.cache-3
7f5e5c058000-7f5e5c059000 r--s 00000000 08:02 453448                     /var/cache/fontconfig/6a53c69dea097a2d716e069445527da8-le64.cache-3
7f5e5c059000-7f5e5c05f000 r--s 00000000 08:02 453455                     /var/cache/fontconfig/a755afe4a08bf5b97852ceb7400b47bc-le64.cache-3
7f5e5c05f000-7f5e5c068000 r--s 00000000 08:02 453597                     /var/cache/fontconfig/6d41288fd70b0be22e8c3a91e032eec0-le64.cache-3
7f5e5c068000-7f5e5c078000 r--s 00000000 08:02 453577                     /var/cache/fontconfig/0f34bcd4b6ee430af32735b75db7f02b-le64.cache-3
7f5e5c078000-7f5e5c07b000 r--s 00000000 08:02 453460                     /var/cache/fontconfig/d60319d88cac85ba9e1a07bd06cfbb8c-le64.cache-3
7f5e5c07b000-7f5e5c0a9000 r--s 00000000 08:02 453669                     /var/cache/fontconfig/365b55f210c0a22e9a19e35191240f32-le64.cache-3
7f5e5c0a9000-7f5e5c0b3000 r--s 00000000 08:02 453459                     /var/cache/fontconfig/d52a8644073d54c13679302ca1180695-le64.cache-3
7f5e5c0b3000-7f5e5c0b6000 r--s 00000000 08:02 453429                     /var/cache/fontconfig/e13b20fdb08344e0e664864cc2ede53d-le64.cache-3
7f5e5c0b6000-7f5e5c0ba000 r--s 00000000 08:02 453666                     /var/cache/fontconfig/7ef2298fde41cc6eeb7af42e48b7d293-le64.cache-3
7f5e5c0ba000-7f5e5c0be000 r--s 0007c000 08:02 527776                     /usr/lib/jvm/java-6-openjdk/jre/lib/jsse.jar
7f5e5c0be000-7f5e5c0c9000 r--s 00092000 08:04 23085192                   /home/andreasf/bin/Entwicklung/games_eclipse_workspace/Isometric/lib/slick.jar
7f5e5c0c9000-7f5e5c0cc000 ---p 00000000 00:00 0 
7f5e5c0cc000-7f5e5c1ca000 rw-p 00000000 00:00 0 
7f5e5c1ca000-7f5e5c1cd000 ---p 00000000 00:00 0 
7f5e5c1cd000-7f5e5c2cb000 rw-p 00000000 00:00 0 
7f5e5c2cb000-7f5e5c2cf000 r-xp 00000000 08:02 632948                     /usr/lib/jvm/java-6-openjdk/jre/lib/amd64/libdt_socket.so
7f5e5c2cf000-7f5e5c4ce000 ---p 00004000 08:02 632948                     /usr/lib/jvm/java-6-openjdk/jre/lib/amd64/libdt_socket.so
7f5e5c4ce000-7f5e5c4cf000 r--p 00003000 08:02 632948                     /usr/lib/jvm/java-6-openjdk/jre/lib/amd64/libdt_socket.so
7f5e5c4cf000-7f5e5c4d0000 rw-p 00004000 08:02 632948                     /usr/lib/jvm/java-6-openjdk/jre/lib/amd64/libdt_socket.so
7f5e5c4d0000-7f5e5c4d3000 ---p 00000000 00:00 0 
7f5e5c4d3000-7f5e5c5d1000 rw-p 00000000 00:00 0 
7f5e5c5d1000-7f5e5c5d4000 ---p 00000000 00:00 0 
7f5e5c5d4000-7f5e5c6d2000 rw-p 00000000 00:00 0 
7f5e5c6d2000-7f5e5c6d5000 ---p 00000000 00:00 0 
7f5e5c6d5000-7f5e5c7d3000 rw-p 00000000 00:00 0 
7f5e5c7d3000-7f5e5c7d4000 ---p 00000000 00:00 0 
7f5e5c7d4000-7f5e5c8d4000 rw-p 00000000 00:00 0 
7f5e5c8d4000-7f5e5c8d6000 r--s 0001d000 08:02 527783                     /usr/lib/jvm/java-6-openjdk/jre/lib/plugin.jar
7f5e5c8d6000-7f5e5c8db000 r--s 00044000 08:02 527782                     /usr/lib/jvm/java-6-openjdk/jre/lib/netx.jar
7f5e5c8db000-7f5e5c90d000 rw-p 00000000 00:00 0 
7f5e5c90d000-7f5e5ca9b000 r--s 038af000 08:02 526791                     /usr/lib/jvm/java-6-openjdk/jre/lib/rt.jar
7f5e5ca9b000-7f5e5caa1000 rw-p 00000000 00:00 0 
7f5e5caa1000-7f5e5cb42000 rw-p 00000000 00:00 0 
7f5e5cb42000-7f5e5cb45000 rw-p 00000000 00:00 0 
7f5e5cb45000-7f5e5cb95000 rw-p 00000000 00:00 0 
7f5e5cb95000-7f5e5cb9b000 rw-p 00000000 00:00 0 
7f5e5cb9b000-7f5e5cc3c000 rw-p 00000000 00:00 0 
7f5e5cc3c000-7f5e5cc47000 rw-p 00000000 00:00 0 
7f5e5cc47000-7f5e5cc8f000 rw-p 00000000 00:00 0 
7f5e5cc8f000-7f5e5d1c0000 rw-p 00000000 00:00 0 
7f5e5d1c0000-7f5e67330000 rw-p 00000000 00:00 0 
7f5e67330000-7f5e67da0000 rw-p 00000000 00:00 0 
7f5e67da0000-7f5e7c090000 rw-p 00000000 00:00 0 
7f5e7c090000-7f5e7d550000 rw-p 00000000 00:00 0 
7f5e7d550000-7f5e86690000 rw-p 00000000 00:00 0 
7f5e86690000-7f5e8669a000 rw-p 00000000 00:00 0 
7f5e8669a000-7f5e86750000 rw-p 00000000 00:00 0 
7f5e86750000-7f5e869c0000 rwxp 00000000 00:00 0 
7f5e869c0000-7f5e89750000 rw-p 00000000 00:00 0 
7f5e89750000-7f5e89757000 r-xp 00000000 08:02 633784                     /usr/lib/jvm/java-6-openjdk/jre/lib/amd64/libzip.so
7f5e89757000-7f5e89956000 ---p 00007000 08:02 633784                     /usr/lib/jvm/java-6-openjdk/jre/lib/amd64/libzip.so
7f5e89956000-7f5e89957000 r--p 00006000 08:02 633784                     /usr/lib/jvm/java-6-openjdk/jre/lib/amd64/libzip.so
7f5e89957000-7f5e89958000 rw-p 00007000 08:02 633784                     /usr/lib/jvm/java-6-openjdk/jre/lib/amd64/libzip.so
7f5e89958000-7f5e89964000 r-xp 00000000 08:02 1294582                    /lib/libnss_files-2.11.1.so
7f5e89964000-7f5e89b63000 ---p 0000c000 08:02 1294582                    /lib/libnss_files-2.11.1.so
7f5e89b63000-7f5e89b64000 r--p 0000b000 08:02 1294582                    /lib/libnss_files-2.11.1.so
7f5e89b64000-7f5e89b65000 rw-p 0000c000 08:02 1294582                    /lib/libnss_files-2.11.1.so
7f5e89b65000-7f5e89b6f000 r-xp 00000000 08:02 1294572                    /lib/libnss_nis-2.11.1.so
7f5e89b6f000-7f5e89d6e000 ---p 0000a000 08:02 1294572                    /lib/libnss_nis-2.11.1.so
7f5e89d6e000-7f5e89d6f000 r--p 00009000 08:02 1294572                    /lib/libnss_nis-2.11.1.so
7f5e89d6f000-7f5e89d70000 rw-p 0000a000 08:02 1294572                    /lib/libnss_nis-2.11.1.so
7f5e89d70000-7f5e89d78000 r-xp 00000000 08:02 1294571                    /lib/libnss_compat-2.11.1.so
7f5e89d78000-7f5e89f77000 ---p 00008000 08:02 1294571                    /lib/libnss_compat-2.11.1.so
7f5e89f77000-7f5e89f78000 r--p 00007000 08:02 1294571                    /lib/libnss_compat-2.11.1.so
7f5e89f78000-7f5e89f79000 rw-p 00008000 08:02 1294571                    /lib/libnss_compat-2.11.1.so
7f5e89f79000-7f5e8a097000 r--p 00000000 08:02 369336                     /usr/lib/locale/de_DE.utf8/LC_COLLATE
7f5e8a097000-7f5e8a09a000 r-xp 00000000 08:02 633778                     /usr/lib/jvm/java-6-openjdk/jre/lib/amd64/libnpt.so
7f5e8a09a000-7f5e8a299000 ---p 00003000 08:02 633778                     /usr/lib/jvm/java-6-openjdk/jre/lib/amd64/libnpt.so
7f5e8a299000-7f5e8a29a000 r--p 00002000 08:02 633778                     /usr/lib/jvm/java-6-openjdk/jre/lib/amd64/libnpt.so
7f5e8a29a000-7f5e8a29b000 rw-p 00003000 08:02 633778                     /usr/lib/jvm/java-6-openjdk/jre/lib/amd64/libnpt.so
7f5e8a29b000-7f5e8a2d4000 r-xp 00000000 08:02 633675                     /usr/lib/jvm/java-6-openjdk/jre/lib/amd64/libjdwp.so
7f5e8a2d4000-7f5e8a4d3000 ---p 00039000 08:02 633675                     /usr/lib/jvm/java-6-openjdk/jre/lib/amd64/libjdwp.so
7f5e8a4d3000-7f5e8a4d4000 r--p 00038000 08:02 633675                     /usr/lib/jvm/java-6-openjdk/jre/lib/amd64/libjdwp.so
7f5e8a4d4000-7f5e8a4d5000 rw-p 00039000 08:02 633675                     /usr/lib/jvm/java-6-openjdk/jre/lib/amd64/libjdwp.so
7f5e8a4d5000-7f5e8a4dd000 r-xp 00000000 08:02 639882                     /usr/lib/jvm/java-6-openjdk/jre/lib/amd64/native_threads/libhpi.so
7f5e8a4dd000-7f5e8a6dc000 ---p 00008000 08:02 639882                     /usr/lib/jvm/java-6-openjdk/jre/lib/amd64/native_threads/libhpi.so
7f5e8a6dc000-7f5e8a6dd000 r--p 00007000 08:02 639882                     /usr/lib/jvm/java-6-openjdk/jre/lib/amd64/native_threads/libhpi.so
7f5e8a6dd000-7f5e8a6de000 rw-p 00008000 08:02 639882                     /usr/lib/jvm/java-6-openjdk/jre/lib/amd64/native_threads/libhpi.so
7f5e8a6de000-7f5e8a6f5000 r-xp 00000000 08:02 1294561                    /lib/libnsl-2.11.1.so
7f5e8a6f5000-7f5e8a8f4000 ---p 00017000 08:02 1294561                    /lib/libnsl-2.11.1.so
7f5e8a8f4000-7f5e8a8f5000 r--p 00016000 08:02 1294561                    /lib/libnsl-2.11.1.so
7f5e8a8f5000-7f5e8a8f6000 rw-p 00017000 08:02 1294561                    /lib/libnsl-2.11.1.so
7f5e8a8f6000-7f5e8a8f8000 rw-p 00000000 00:00 0 
7f5e8a8f8000-7f5e8a925000 r-xp 00000000 08:02 633665                     /usr/lib/jvm/java-6-openjdk/jre/lib/amd64/libjava.so
7f5e8a925000-7f5e8ab24000 ---p 0002d000 08:02 633665                     /usr/lib/jvm/java-6-openjdk/jre/lib/amd64/libjava.so
7f5e8ab24000-7f5e8ab25000 r--p 0002c000 08:02 633665                     /usr/lib/jvm/java-6-openjdk/jre/lib/amd64/libjava.so
7f5e8ab25000-7f5e8ab28000 rw-p 0002d000 08:02 633665                     /usr/lib/jvm/java-6-openjdk/jre/lib/amd64/libjava.so
7f5e8ab28000-7f5e8ab37000 r-xp 00000000 08:02 633783                     /usr/lib/jvm/java-6-openjdk/jre/lib/amd64/libverify.so
7f5e8ab37000-7f5e8ad36000 ---p 0000f000 08:02 633783                     /usr/lib/jvm/java-6-openjdk/jre/lib/amd64/libverify.so
7f5e8ad36000-7f5e8ad38000 r--p 0000e000 08:02 633783                     /usr/lib/jvm/java-6-openjdk/jre/lib/amd64/libverify.so
7f5e8ad38000-7f5e8ad39000 rw-p 00010000 08:02 633783                     /usr/lib/jvm/java-6-openjdk/jre/lib/amd64/libverify.so
7f5e8ad39000-7f5e8ad40000 r-xp 00000000 08:02 1294567                    /lib/librt-2.11.1.so
7f5e8ad40000-7f5e8af3f000 ---p 00007000 08:02 1294567                    /lib/librt-2.11.1.so
7f5e8af3f000-7f5e8af40000 r--p 00006000 08:02 1294567                    /lib/librt-2.11.1.so
7f5e8af40000-7f5e8af41000 rw-p 00007000 08:02 1294567                    /lib/librt-2.11.1.so
7f5e8af41000-7f5e8afc3000 r-xp 00000000 08:02 1294559                    /lib/libm-2.11.1.so
7f5e8afc3000-7f5e8b1c2000 ---p 00082000 08:02 1294559                    /lib/libm-2.11.1.so
7f5e8b1c2000-7f5e8b1c3000 r--p 00081000 08:02 1294559                    /lib/libm-2.11.1.so
7f5e8b1c3000-7f5e8b1c4000 rw-p 00082000 08:02 1294559                    /lib/libm-2.11.1.so
7f5e8b1c4000-7f5e8ba39000 r-xp 00000000 08:02 639884                     /usr/lib/jvm/java-6-openjdk/jre/lib/amd64/server/libjvm.so
7f5e8ba39000-7f5e8bc38000 ---p 00875000 08:02 639884                     /usr/lib/jvm/java-6-openjdk/jre/lib/amd64/server/libjvm.so
7f5e8bc38000-7f5e8bcae000 r--p 00874000 08:02 639884                     /usr/lib/jvm/java-6-openjdk/jre/lib/amd64/server/libjvm.so
7f5e8bcae000-7f5e8bcc9000 rw-p 008ea000 08:02 639884                     /usr/lib/jvm/java-6-openjdk/jre/lib/amd64/server/libjvm.so
7f5e8bcc9000-7f5e8bd02000 rw-p 00000000 00:00 0 
7f5e8bd02000-7f5e8be7c000 r-xp 00000000 08:02 1294579                    /lib/libc-2.11.1.so
7f5e8be7c000-7f5e8c07b000 ---p 0017a000 08:02 1294579                    /lib/libc-2.11.1.so
7f5e8c07b000-7f5e8c07f000 r--p 00179000 08:02 1294579                    /lib/libc-2.11.1.so
7f5e8c07f000-7f5e8c080000 rw-p 0017d000 08:02 1294579                    /lib/libc-2.11.1.so
7f5e8c080000-7f5e8c085000 rw-p 00000000 00:00 0 
7f5e8c085000-7f5e8c087000 r-xp 00000000 08:02 1294583                    /lib/libdl-2.11.1.so
7f5e8c087000-7f5e8c287000 ---p 00002000 08:02 1294583                    /lib/libdl-2.11.1.so
7f5e8c287000-7f5e8c288000 r--p 00002000 08:02 1294583                    /lib/libdl-2.11.1.so
7f5e8c288000-7f5e8c289000 rw-p 00003000 08:02 1294583                    /lib/libdl-2.11.1.so
7f5e8c289000-7f5e8c28d000 r-xp 00000000 08:02 632925                     /usr/lib/jvm/java-6-openjdk/jre/lib/amd64/jli/libjli.so
7f5e8c28d000-7f5e8c48c000 ---p 00004000 08:02 632925                     /usr/lib/jvm/java-6-openjdk/jre/lib/amd64/jli/libjli.so
7f5e8c48c000-7f5e8c48d000 r--p 00003000 08:02 632925                     /usr/lib/jvm/java-6-openjdk/jre/lib/amd64/jli/libjli.so
7f5e8c48d000-7f5e8c48e000 rw-p 00004000 08:02 632925                     /usr/lib/jvm/java-6-openjdk/jre/lib/amd64/jli/libjli.so
7f5e8c48e000-7f5e8c4a6000 r-xp 00000000 08:02 1294577                    /lib/libpthread-2.11.1.so
7f5e8c4a6000-7f5e8c6a5000 ---p 00018000 08:02 1294577                    /lib/libpthread-2.11.1.so
7f5e8c6a5000-7f5e8c6a6000 r--p 00017000 08:02 1294577                    /lib/libpthread-2.11.1.so
7f5e8c6a6000-7f5e8c6a7000 rw-p 00018000 08:02 1294577                    /lib/libpthread-2.11.1.so
7f5e8c6a7000-7f5e8c6ab000 rw-p 00000000 00:00 0 
7f5e8c6ab000-7f5e8c6c1000 r-xp 00000000 08:02 327874                     /lib/libz.so.1.2.3.3
7f5e8c6c1000-7f5e8c8c0000 ---p 00016000 08:02 327874                     /lib/libz.so.1.2.3.3
7f5e8c8c0000-7f5e8c8c1000 r--p 00015000 08:02 327874                     /lib/libz.so.1.2.3.3
7f5e8c8c1000-7f5e8c8c2000 rw-p 00016000 08:02 327874                     /lib/libz.so.1.2.3.3
7f5e8c8c2000-7f5e8c8e2000 r-xp 00000000 08:02 1294563                    /lib/ld-2.11.1.so
7f5e8c8e2000-7f5e8c8e3000 r--s 00000000 08:02 453448                     /var/cache/fontconfig/6a53c69dea097a2d716e069445527da8-le64.cache-3
7f5e8c8e3000-7f5e8c8ea000 r--s 00073000 08:04 23085181                   /home/andreasf/bin/Entwicklung/games_eclipse_workspace/Isometric/lib/lwjgl.jar
7f5e8c8ea000-7f5e8c8ef000 r--s 0002f000 08:04 23085176                   /home/andreasf/bin/Entwicklung/games_eclipse_workspace/Isometric/lib/jinput.jar
7f5e8c8ef000-7f5e8c8f0000 r--s 00006000 08:04 10158479                   /home/andreasf/bin/Programme/eclipse/plugins/org.hamcrest.core_1.1.0.v20090501071000.jar
7f5e8c8f0000-7f5e8c8f6000 r--s 00030000 08:04 10158708                   /home/andreasf/bin/Programme/eclipse/plugins/org.junit_4.8.1.v4_8_1_v20100427-1100/junit.jar
7f5e8c8f6000-7f5e8c8ff000 r--s 00065000 08:02 426274                     /usr/share/java/gnome-java-bridge.jar
7f5e8c8ff000-7f5e8c932000 rw-p 00000000 00:00 0 
7f5e8c932000-7f5e8c97b000 rw-p 00000000 00:00 0 
7f5e8c97b000-7f5e8c9ba000 r--p 00000000 08:02 369322                     /usr/lib/locale/de_DE.utf8/LC_CTYPE
7f5e8c9ba000-7f5e8c9bd000 ---p 00000000 00:00 0 
7f5e8c9bd000-7f5e8cac0000 rw-p 00000000 00:00 0 
7f5e8cac0000-7f5e8cac1000 r--s 00000000 08:02 452841                     /var/cache/fontconfig/4794a0821666d79190d59a36cb4f44b5-le64.cache-3
7f5e8cac1000-7f5e8cac4000 r--s 0000f000 08:02 527763                     /usr/lib/jvm/java-6-openjdk/jre/lib/ext/pulse-java.jar
7f5e8cac4000-7f5e8cacc000 rw-s 00000000 08:02 1130622                    /tmp/hsperfdata_andreasf/9821
7f5e8cacc000-7f5e8cacd000 r--p 00000000 08:02 369578                     /usr/lib/locale/de_DE.utf8/LC_NUMERIC
7f5e8cacd000-7f5e8cace000 r--p 00000000 08:02 369335                     /usr/lib/locale/de_DE.utf8/LC_TIME
7f5e8cace000-7f5e8cacf000 r--p 00000000 08:02 369337                     /usr/lib/locale/de_DE.utf8/LC_MONETARY
7f5e8cacf000-7f5e8cad0000 r--p 00000000 08:02 369331                     /usr/lib/locale/de_DE.utf8/LC_MESSAGES/SYS_LC_MESSAGES
7f5e8cad0000-7f5e8cad1000 r--p 00000000 08:02 369590                     /usr/lib/locale/de_DE.utf8/LC_PAPER
7f5e8cad1000-7f5e8cad2000 r--p 00000000 08:02 369372                     /usr/lib/locale/de_DE.utf8/LC_NAME
7f5e8cad2000-7f5e8cad3000 r--p 00000000 08:02 369373                     /usr/lib/locale/de_DE.utf8/LC_ADDRESS
7f5e8cad3000-7f5e8cad4000 r--p 00000000 08:02 369374                     /usr/lib/locale/de_DE.utf8/LC_TELEPHONE
7f5e8cad4000-7f5e8cad5000 r--p 00000000 08:02 369586                     /usr/lib/locale/de_DE.utf8/LC_MEASUREMENT
7f5e8cad5000-7f5e8cadc000 r--s 00000000 08:02 385286                     /usr/lib/gconv/gconv-modules.cache
7f5e8cadc000-7f5e8cadd000 r--p 00000000 08:02 369375                     /usr/lib/locale/de_DE.utf8/LC_IDENTIFICATION
7f5e8cadd000-7f5e8cade000 rw-p 00000000 00:00 0 
7f5e8cade000-7f5e8cadf000 ---p 00000000 00:00 0 
7f5e8cadf000-7f5e8cae1000 rw-p 00000000 00:00 0 
7f5e8cae1000-7f5e8cae2000 r--p 0001f000 08:02 1294563                    /lib/ld-2.11.1.so
7f5e8cae2000-7f5e8cae3000 rw-p 00020000 08:02 1294563                    /lib/ld-2.11.1.so
7f5e8cae3000-7f5e8cae4000 rw-p 00000000 00:00 0 
7fff0fef6000-7fff0ff0b000 rw-p 00000000 00:00 0                          [stack]
7fff0ffff000-7fff10000000 r-xp 00000000 00:00 0                          [vdso]
ffffffffff600000-ffffffffff601000 r-xp 00000000 00:00 0                  [vsyscall]

VM Arguments:
jvm_args: -agentlib:jdwp=transport=dt_socket,suspend=y,address=localhost:53576 -Djava.library.path=/home/andreasf/bin/Entwicklung/games_eclipse_workspace/Slick Test/lib/natives-linux:/home/andreasf/bin/Entwicklung/games_eclipse_workspace/Slick Test/lib/natives-linux -Dfile.encoding=UTF-8 
java_command: de.immerfroehlich.MainMap
Launcher Type: SUN_STANDARD

Environment Variables:
PATH=/home/andreasf/bin:/usr/local/sbin:/usr/local/bin:/usr/sbin:/usr/bin:/sbin:/bin:/usr/games
USERNAME=andreasf
LD_LIBRARY_PATH=/usr/lib/jvm/java-6-openjdk/jre/lib/amd64/server:/usr/lib/jvm/java-6-openjdk/jre/lib/amd64:/usr/lib/jvm/java-6-openjdk/jre/../lib/amd64:/usr/lib64/xulrunner-addons
SHELL=/bin/bash
DISPLAY=:0.0

Signal Handlers:
SIGSEGV: [libjvm.so+0x7130e0], sa_mask[0]=0x7ffbfeff, sa_flags=0x10000004
SIGBUS: [libjvm.so+0x7130e0], sa_mask[0]=0x7ffbfeff, sa_flags=0x10000004
SIGFPE: [libjvm.so+0x5d4880], sa_mask[0]=0x7ffbfeff, sa_flags=0x10000004
SIGPIPE: [libjvm.so+0x5d4880], sa_mask[0]=0x7ffbfeff, sa_flags=0x10000004
SIGXFSZ: [libjvm.so+0x5d4880], sa_mask[0]=0x7ffbfeff, sa_flags=0x10000004
SIGILL: [libjvm.so+0x5d4880], sa_mask[0]=0x7ffbfeff, sa_flags=0x10000004
SIGUSR1: SIG_DFL, sa_mask[0]=0x00000000, sa_flags=0x00000000
SIGUSR2: [libjvm.so+0x5d3f90], sa_mask[0]=0x00000004, sa_flags=0x10000004
SIGHUP: [libjvm.so+0x5d6a00], sa_mask[0]=0x7ffbfeff, sa_flags=0x10000004
SIGINT: [libjvm.so+0x5d6a00], sa_mask[0]=0x7ffbfeff, sa_flags=0x10000004
SIGTERM: [libjvm.so+0x5d6a00], sa_mask[0]=0x7ffbfeff, sa_flags=0x10000004
SIGQUIT: [libjvm.so+0x5d6a00], sa_mask[0]=0x7ffbfeff, sa_flags=0x10000004


---------------  S Y S T E M  ---------------

OS:Ubuntu 10.04 (lucid)
uname:Linux 2.6.32-27-generic #49-Ubuntu SMP Thu Dec 2 00:51:09 UTC 2010 x86_64
libc:glibc 2.11.1 NPTL 2.11.1 
rlimit: STACK 8192k, CORE 0k, NPROC infinity, NOFILE 1024, AS infinity
load average:0,91 1,16 1,06

/proc/meminfo:
MemTotal:        1022764 kB
MemFree:           11260 kB
Buffers:            4080 kB
Cached:           180064 kB
SwapCached:        46952 kB
Active:           436432 kB
Inactive:         451680 kB
Active(anon):     350988 kB
Inactive(anon):   358956 kB
Active(file):      85444 kB
Inactive(file):    92724 kB
Unevictable:          16 kB
Mlocked:              16 kB
SwapTotal:       1028152 kB
SwapFree:         758512 kB
Dirty:               728 kB
Writeback:             0 kB
AnonPages:        672856 kB
Mapped:            69024 kB
Shmem:              5872 kB
Slab:              40920 kB
SReclaimable:      18028 kB
SUnreclaim:        22892 kB
KernelStack:        2856 kB
PageTables:        27640 kB
NFS_Unstable:          0 kB
Bounce:                0 kB
WritebackTmp:          0 kB
CommitLimit:     1539532 kB
Committed_AS:    1882700 kB
VmallocTotal:   34359738367 kB
VmallocUsed:      108196 kB
VmallocChunk:   34359626236 kB
HardwareCorrupted:     0 kB
HugePages_Total:       0
HugePages_Free:        0
HugePages_Rsvd:        0
HugePages_Surp:        0
Hugepagesize:       2048 kB
DirectMap4k:      160704 kB
DirectMap2M:      886784 kB


CPU:total 2 (2 cores per cpu, 1 threads per core) family 15 model 75 stepping 2, cmov, cx8, fxsr, mmx, sse, sse2, sse3, mmxext, 3dnow, 3dnowext

Memory: 4k page, physical 1022764k(11260k free), swap 1028152k(758512k free)

vm_info: OpenJDK 64-Bit Server VM (19.0-b09) for linux-amd64 JRE (1.6.0_20-b20), built on Nov 23 2010 18:25:59 by "buildd" with gcc 4.4.3

time: Fri Jan  7 02:39:58 2011
elapsed time: 309 seconds

